c:\users\tim powell\source\repos\missilecommand\missilecommand\release\vc141.pdb
c:\users\tim powell\source\repos\missilecommand\missilecommand\release\world.obj
c:\users\tim powell\source\repos\missilecommand\missilecommand\release\turretobject.obj
c:\users\tim powell\source\repos\missilecommand\missilecommand\release\statemain.obj
c:\users\tim powell\source\repos\missilecommand\missilecommand\release\state.obj
c:\users\tim powell\source\repos\missilecommand\missilecommand\release\resources.obj
c:\users\tim powell\source\repos\missilecommand\missilecommand\release\resource.obj
c:\users\tim powell\source\repos\missilecommand\missilecommand\release\missileobject.obj
c:\users\tim powell\source\repos\missilecommand\missilecommand\release\missilecommandworld.obj
c:\users\tim powell\source\repos\missilecommand\missilecommand\release\missilecommandgame.obj
c:\users\tim powell\source\repos\missilecommand\missilecommand\release\missilecommandbackground.obj
c:\users\tim powell\source\repos\missilecommand\missilecommand\release\messengersystem.obj
c:\users\tim powell\source\repos\missilecommand\missilecommand\release\messenger.obj
c:\users\tim powell\source\repos\missilecommand\missilecommand\release\main.obj
c:\users\tim powell\source\repos\missilecommand\missilecommand\release\listener.obj
c:\users\tim powell\source\repos\missilecommand\missilecommand\release\gamethreadunsafescope.obj
c:\users\tim powell\source\repos\missilecommand\missilecommand\release\gameobject.obj
c:\users\tim powell\source\repos\missilecommand\missilecommand\release\game.obj
c:\users\tim powell\source\repos\missilecommand\missilecommand\release\collidable.obj
c:\users\tim powell\source\repos\missilecommand\missilecommand\release\cityobject.obj
c:\users\tim powell\source\repos\missilecommand\missilecommand\release\explosionobject.obj
c:\users\tim powell\source\repos\missilecommand\release\missilecommand.exe
c:\users\tim powell\source\repos\missilecommand\release\missilecommand.pdb
c:\users\tim powell\source\repos\missilecommand\release\missilecommand.lib
c:\users\tim powell\source\repos\missilecommand\release\missilecommand.exp
c:\users\tim powell\source\repos\missilecommand\release\missilecommand.ipdb
c:\users\tim powell\source\repos\missilecommand\release\missilecommand.iobj
c:\users\tim powell\source\repos\missilecommand\missilecommand\release\missilecommand.tlog\cl.command.1.tlog
c:\users\tim powell\source\repos\missilecommand\missilecommand\release\missilecommand.tlog\cl.read.1.tlog
c:\users\tim powell\source\repos\missilecommand\missilecommand\release\missilecommand.tlog\cl.write.1.tlog
c:\users\tim powell\source\repos\missilecommand\missilecommand\release\missilecommand.tlog\link.command.1.tlog
c:\users\tim powell\source\repos\missilecommand\missilecommand\release\missilecommand.tlog\link.read.1.tlog
c:\users\tim powell\source\repos\missilecommand\missilecommand\release\missilecommand.tlog\link.write.1.tlog
c:\users\tim powell\source\repos\missilecommand\missilecommand\release\missilecommand.tlog\missilecommand.write.1u.tlog
