C:\Program Files (x86)\Microsoft Visual Studio\2017\Community\Common7\IDE\VC\VCTargets\Microsoft.CppBuild.targets(387,5): warning MSB8028: The intermediate directory (Release\) contains files shared from another project (Fallen_Forever.vcxproj).  This can lead to incorrect clean and rebuild behavior.
  CityObject.cpp
CityObject.cpp(14): warning C4244: 'argument': conversion from 'double' to 'float', possible loss of data
CityObject.cpp(15): warning C4244: 'argument': conversion from 'double' to 'float', possible loss of data
CityObject.cpp(16): warning C4244: 'argument': conversion from 'double' to 'float', possible loss of data
CityObject.cpp(21): warning C4244: 'argument': conversion from 'double' to 'float', possible loss of data
CityObject.cpp(22): warning C4244: 'argument': conversion from 'double' to 'float', possible loss of data
CityObject.cpp(23): warning C4244: 'argument': conversion from 'double' to 'float', possible loss of data
CityObject.cpp(40): warning C4244: 'argument': conversion from 'int' to 'float', possible loss of data
CityObject.cpp(80): warning C4244: 'argument': conversion from 'int' to 'float', possible loss of data
  MissileCommandWorld.cpp
MissileCommandWorld.cpp(91): warning C4018: '<': signed/unsigned mismatch
MissileCommandWorld.cpp(97): warning C4018: '<': signed/unsigned mismatch
MissileCommandWorld.cpp(103): warning C4018: '<': signed/unsigned mismatch
MissileCommandWorld.cpp(109): warning C4018: '<': signed/unsigned mismatch
MissileCommandWorld.cpp(162): warning C4018: '<': signed/unsigned mismatch
MissileCommandWorld.cpp(170): warning C4018: '<': signed/unsigned mismatch
MissileCommandWorld.cpp(178): warning C4018: '<': signed/unsigned mismatch
MissileCommandWorld.cpp(186): warning C4018: '<': signed/unsigned mismatch
MissileCommandWorld.cpp(214): warning C4018: '<': signed/unsigned mismatch
MissileCommandWorld.cpp(222): warning C4018: '<': signed/unsigned mismatch
MissileCommandWorld.cpp(230): warning C4018: '<': signed/unsigned mismatch
MissileCommandWorld.cpp(238): warning C4018: '<': signed/unsigned mismatch
MissileCommandWorld.cpp(267): warning C4244: 'argument': conversion from 'double' to 'int', possible loss of data
MissileCommandWorld.cpp(280): warning C4244: '=': conversion from 'double' to 'int', possible loss of data
MissileCommandWorld.cpp(299): warning C4018: '<': signed/unsigned mismatch
MissileCommandWorld.cpp(317): warning C4018: '<': signed/unsigned mismatch
MissileCommandWorld.cpp(336): warning C4018: '<': signed/unsigned mismatch
     Creating library C:\Users\Tim Powell\source\repos\MissileCommand\Release\MissileCommand.lib and object C:\Users\Tim Powell\source\repos\MissileCommand\Release\MissileCommand.exp
  Generating code
  5 of 1645 functions ( 0.3%) were compiled, the rest were copied from previous compilation.
    0 functions were new in current compilation
    1 functions had inline decision re-evaluated but remain unchanged
  Finished generating code
  MissileCommand.vcxproj -> C:\Users\Tim Powell\source\repos\MissileCommand\Release\MissileCommand.exe
