c:\users\tim powell\source\repos\missilecommand\missilecommand\debug\vc141.pdb
c:\users\tim powell\source\repos\missilecommand\missilecommand\debug\vc141.idb
c:\users\tim powell\source\repos\missilecommand\missilecommand\debug\collidable.obj
c:\users\tim powell\source\repos\missilecommand\missilecommand\debug\game.obj
c:\users\tim powell\source\repos\missilecommand\missilecommand\debug\gameobject.obj
c:\users\tim powell\source\repos\missilecommand\missilecommand\debug\gamethreadunsafescope.obj
c:\users\tim powell\source\repos\missilecommand\missilecommand\debug\listener.obj
c:\users\tim powell\source\repos\missilecommand\missilecommand\debug\main.obj
c:\users\tim powell\source\repos\missilecommand\missilecommand\debug\messenger.obj
c:\users\tim powell\source\repos\missilecommand\missilecommand\debug\messengersystem.obj
c:\users\tim powell\source\repos\missilecommand\missilecommand\debug\missilecommandgame.obj
c:\users\tim powell\source\repos\missilecommand\missilecommand\debug\missilecommandworld.obj
c:\users\tim powell\source\repos\missilecommand\missilecommand\debug\missileobject.obj
c:\users\tim powell\source\repos\missilecommand\missilecommand\debug\resource.obj
c:\users\tim powell\source\repos\missilecommand\missilecommand\debug\resources.obj
c:\users\tim powell\source\repos\missilecommand\missilecommand\debug\state.obj
c:\users\tim powell\source\repos\missilecommand\missilecommand\debug\statemain.obj
c:\users\tim powell\source\repos\missilecommand\missilecommand\debug\world.obj
c:\users\tim powell\source\repos\missilecommand\missilecommand\debug\missilecommandbackground.obj
c:\users\tim powell\source\repos\missilecommand\missilecommand\debug\cityobject.obj
c:\users\tim powell\source\repos\missilecommand\missilecommand\debug\turretobject.obj
c:\users\tim powell\source\repos\missilecommand\debug\missilecommand.exe
c:\users\tim powell\source\repos\missilecommand\debug\missilecommand.ilk
c:\users\tim powell\source\repos\missilecommand\debug\missilecommand.pdb
c:\users\tim powell\source\repos\missilecommand\debug\missilecommand.lib
c:\users\tim powell\source\repos\missilecommand\debug\missilecommand.exp
c:\users\tim powell\source\repos\missilecommand\missilecommand\debug\missilecommand.tlog\cl.command.1.tlog
c:\users\tim powell\source\repos\missilecommand\missilecommand\debug\missilecommand.tlog\cl.read.1.tlog
c:\users\tim powell\source\repos\missilecommand\missilecommand\debug\missilecommand.tlog\cl.write.1.tlog
c:\users\tim powell\source\repos\missilecommand\missilecommand\debug\missilecommand.tlog\link.command.1.tlog
c:\users\tim powell\source\repos\missilecommand\missilecommand\debug\missilecommand.tlog\link.read.1.tlog
c:\users\tim powell\source\repos\missilecommand\missilecommand\debug\missilecommand.tlog\link.write.1.tlog
c:\users\tim powell\source\repos\missilecommand\missilecommand\debug\missilecommand.tlog\missilecommand.write.1u.tlog
